2025-12-07 08:34:54,120 - DEBUG - [36m[📡 ZMQ_CLIENT][0m Generated ZMQ test message: Hello from internal ZMQ client #0
2025-12-07 08:34:54,121 - DEBUG - [36m[📡 ZMQ_CLIENT][0m Sending ZMQ request: {'resource': 'example_resource', 'operation': 'example_operation', 'data': {'topic': 'example_topic', 'message': 'Hello from internal ZMQ client #0'}}
2025-12-07 08:34:56,124 - DEBUG - [36m[📡 ZMQ_CLIENT][0m ZMQ client: recv timeout, no reply from server
2025-12-07 08:34:57,020 - DEBUG - [35m[📦 KAFKA][0m [35m[another_topic][0m [32m, message is: another_message[0m
2025-12-07 08:34:57,021 - DEBUG - [35m[📦 KAFKA][0m [36m[example_topic][0m [32m, message is: example_message[0m
2025-12-07 08:34:57,023 - DEBUG - [35m[📦 KAFKA][0m [35m[another_topic][0m [32m, message is: another_message[0m
2025-12-07 08:34:57,023 - DEBUG - [35m[📦 KAFKA][0m [36m[example_topic][0m [32m, message is: example_message[0m
2025-12-07 08:34:57,025 - DEBUG - [35m[📦 KAFKA][0m [35m[another_topic][0m [32m, message is: another_message[0m
2025-12-07 08:34:57,025 - DEBUG - [35m[📦 KAFKA][0m [36m[example_topic][0m [32m, message is: example_message[0m
2025-12-07 08:35:00,176 - DEBUG - [35m[📦 KAFKA][0m [36m[example_topic][0m [32m, message is: example_message[0m
2025-12-07 08:35:00,179 - DEBUG - [35m[📦 KAFKA][0m [35m[another_topic][0m [32m, message is: another_message[0m
2025-12-07 08:35:04,181 - DEBUG - [35m[📦 KAFKA][0m [36m[example_topic][0m [32m, message is: example_message[0m
2025-12-07 08:35:04,183 - DEBUG - [35m[📦 KAFKA][0m [35m[another_topic][0m [32m, message is: another_message[0m
2025-12-07 08:35:06,125 - DEBUG - [36m[📡 ZMQ_CLIENT][0m Generated ZMQ test message: Hello from internal ZMQ client #1
2025-12-07 08:35:06,126 - DEBUG - [36m[📡 ZMQ_CLIENT][0m Sending ZMQ request: {'resource': 'example_resource', 'operation': 'example_operation', 'data': {'topic': 'example_topic', 'message': 'Hello from internal ZMQ client #1'}}
2025-12-07 08:35:08,127 - DEBUG - [36m[📡 ZMQ_CLIENT][0m ZMQ client: recv timeout, no reply from server
2025-12-07 08:35:08,186 - DEBUG - [35m[📦 KAFKA][0m [36m[example_topic][0m [32m, message is: example_message[0m
2025-12-07 08:35:08,190 - DEBUG - [35m[📦 KAFKA][0m [35m[another_topic][0m [32m, message is: another_message[0m
2025-12-07 08:35:12,193 - DEBUG - [35m[📦 KAFKA][0m [36m[example_topic][0m [32m, message is: example_message[0m
2025-12-07 08:35:12,195 - DEBUG - [35m[📦 KAFKA][0m [35m[another_topic][0m [32m, message is: another_message[0m
2025-12-07 08:35:16,197 - DEBUG - [35m[📦 KAFKA][0m [36m[example_topic][0m [32m, message is: example_message[0m
2025-12-07 08:35:16,199 - DEBUG - [35m[📦 KAFKA][0m [35m[another_topic][0m [32m, message is: another_message[0m
2025-12-07 08:35:18,129 - DEBUG - [36m[📡 ZMQ_CLIENT][0m Generated ZMQ test message: Hello from internal ZMQ client #2
2025-12-07 08:35:18,129 - DEBUG - [36m[📡 ZMQ_CLIENT][0m Sending ZMQ request: {'resource': 'example_resource', 'operation': 'example_operation', 'data': {'topic': 'example_topic', 'message': 'Hello from internal ZMQ client #2'}}
2025-12-07 08:35:20,131 - DEBUG - [36m[📡 ZMQ_CLIENT][0m ZMQ client: recv timeout, no reply from server
2025-12-07 08:35:20,203 - DEBUG - [35m[📦 KAFKA][0m [36m[example_topic][0m [32m, message is: example_message[0m
2025-12-07 08:35:20,205 - DEBUG - [35m[📦 KAFKA][0m [35m[another_topic][0m [32m, message is: another_message[0m
2025-12-07 08:35:24,209 - DEBUG - [35m[📦 KAFKA][0m [36m[example_topic][0m [32m, message is: example_message[0m
2025-12-07 08:35:24,212 - DEBUG - [35m[📦 KAFKA][0m [35m[another_topic][0m [32m, message is: another_message[0m
2025-12-07 08:35:28,207 - DEBUG - [35m[📦 KAFKA][0m [36m[example_topic][0m [32m, message is: example_message[0m
2025-12-07 08:35:28,210 - DEBUG - [35m[📦 KAFKA][0m [35m[another_topic][0m [32m, message is: another_message[0m
2025-12-07 08:35:30,132 - DEBUG - [36m[📡 ZMQ_CLIENT][0m Generated ZMQ test message: Hello from internal ZMQ client #3
2025-12-07 08:35:30,133 - DEBUG - [36m[📡 ZMQ_CLIENT][0m Sending ZMQ request: {'resource': 'example_resource', 'operation': 'example_operation', 'data': {'topic': 'example_topic', 'message': 'Hello from internal ZMQ client #3'}}
2025-12-07 08:35:32,134 - DEBUG - [36m[📡 ZMQ_CLIENT][0m ZMQ client: recv timeout, no reply from server
2025-12-07 08:35:32,209 - DEBUG - [35m[📦 KAFKA][0m [36m[example_topic][0m [32m, message is: example_message[0m
2025-12-07 08:35:32,212 - DEBUG - [35m[📦 KAFKA][0m [35m[another_topic][0m [32m, message is: another_message[0m
2025-12-07 08:35:36,210 - DEBUG - [35m[📦 KAFKA][0m [36m[example_topic][0m [32m, message is: example_message[0m
2025-12-07 08:35:36,213 - DEBUG - [35m[📦 KAFKA][0m [35m[another_topic][0m [32m, message is: another_message[0m
2025-12-07 08:35:40,214 - DEBUG - [35m[📦 KAFKA][0m [36m[example_topic][0m [32m, message is: example_message[0m
2025-12-07 08:35:40,216 - DEBUG - [35m[📦 KAFKA][0m [35m[another_topic][0m [32m, message is: another_message[0m
2025-12-07 08:35:42,135 - DEBUG - [36m[📡 ZMQ_CLIENT][0m Generated ZMQ test message: Hello from internal ZMQ client #4
2025-12-07 08:35:42,135 - DEBUG - [36m[📡 ZMQ_CLIENT][0m Sending ZMQ request: {'resource': 'example_resource', 'operation': 'example_operation', 'data': {'topic': 'example_topic', 'message': 'Hello from internal ZMQ client #4'}}
