2025-12-08 09:12:40,779 - DEBUG - [33m[🛰️ ZMQ_SERVER][0m ZMQ REP server bound to tcp://0.0.0.0:5555
2025-12-08 09:12:50,779 - DEBUG - [36m[📡 ZMQ_CLIENT][0m Generated ZMQ test message: Hello from internal ZMQ client #0
2025-12-08 09:12:50,779 - DEBUG - [36m[📡 ZMQ_CLIENT][0m Sending ZMQ request: {'resource': 'example_resource', 'operation': 'example_operation', 'data': {'topic': 'example_topic', 'message': 'Hello from internal ZMQ client #0'}}
2025-12-08 09:12:50,780 - DEBUG - [33m[🛰️ ZMQ_SERVER][0m ZMQ server: received raw request: {'resource': 'example_resource', 'operation': 'example_operation', 'data': {'topic': 'example_topic', 'message': 'Hello from internal ZMQ client #0'}}
2025-12-08 09:12:50,781 - DEBUG - [33m[🛰️ ZMQ_SERVER][0m ZMQ server: handling resource='example_resource', operation='example_operation', data={'topic': 'example_topic', 'message': 'Hello from internal ZMQ client #0'}
2025-12-08 09:12:50,784 - DEBUG - [31m[🧠 ZMQ_CONTROLLER][0m Forwarded ZMQ message to Kafka: topic=example_topic, message=[ZMQ] Hello from internal ZMQ client #0
2025-12-08 09:12:50,785 - DEBUG - [33m[🛰️ ZMQ_SERVER][0m ZMQ server: sent response: {"status": "SUCCESS", "data": {"sent": true, "topic": "example_topic", "message": "[ZMQ] Hello from internal ZMQ client #0"}}
2025-12-08 09:12:50,785 - DEBUG - [36m[📡 ZMQ_CLIENT][0m Received ZMQ response: {"status": "SUCCESS", "data": {"sent": true, "topic": "example_topic", "message": "[ZMQ] Hello from internal ZMQ client #0"}}
2025-12-08 09:12:53,690 - DEBUG - [35m[📦 KAFKA][0m [35m[another_topic][0m [92m, message is: another_message[0m
2025-12-08 09:12:53,690 - DEBUG - [35m[📦 KAFKA][0m [36m[example_topic][0m [92m, message is: example_message[0m
2025-12-08 09:12:53,693 - DEBUG - [35m[📦 KAFKA][0m [35m[another_topic][0m [92m, message is: another_message[0m
2025-12-08 09:12:53,693 - DEBUG - [35m[📦 KAFKA][0m [36m[example_topic][0m [92m, message is: example_message[0m
2025-12-08 09:12:53,694 - DEBUG - [35m[📦 KAFKA][0m [35m[another_topic][0m [92m, message is: another_message[0m
2025-12-08 09:12:53,695 - DEBUG - [35m[📦 KAFKA][0m [36m[example_topic][0m [92m, message is: [ZMQ] Hello from internal ZMQ client #0[0m
2025-12-08 09:12:53,701 - DEBUG - [35m[📦 KAFKA][0m [36m[example_topic][0m [92m, message is: example_message[0m
2025-12-08 09:12:56,818 - DEBUG - [35m[📦 KAFKA][0m [36m[example_topic][0m [92m, message is: example_message[0m
2025-12-08 09:12:56,820 - DEBUG - [35m[📦 KAFKA][0m [35m[another_topic][0m [92m, message is: another_message[0m
2025-12-08 09:13:00,785 - DEBUG - [36m[📡 ZMQ_CLIENT][0m Generated ZMQ test message: Hello from internal ZMQ client #1
2025-12-08 09:13:00,785 - DEBUG - [36m[📡 ZMQ_CLIENT][0m Sending ZMQ request: {'resource': 'example_resource', 'operation': 'example_operation', 'data': {'topic': 'example_topic', 'message': 'Hello from internal ZMQ client #1'}}
2025-12-08 09:13:00,786 - DEBUG - [33m[🛰️ ZMQ_SERVER][0m ZMQ server: received raw request: {'resource': 'example_resource', 'operation': 'example_operation', 'data': {'topic': 'example_topic', 'message': 'Hello from internal ZMQ client #1'}}
2025-12-08 09:13:00,786 - DEBUG - [33m[🛰️ ZMQ_SERVER][0m ZMQ server: handling resource='example_resource', operation='example_operation', data={'topic': 'example_topic', 'message': 'Hello from internal ZMQ client #1'}
2025-12-08 09:13:00,788 - DEBUG - [31m[🧠 ZMQ_CONTROLLER][0m Forwarded ZMQ message to Kafka: topic=example_topic, message=[ZMQ] Hello from internal ZMQ client #1
2025-12-08 09:13:00,788 - DEBUG - [33m[🛰️ ZMQ_SERVER][0m ZMQ server: sent response: {"status": "SUCCESS", "data": {"sent": true, "topic": "example_topic", "message": "[ZMQ] Hello from internal ZMQ client #1"}}
2025-12-08 09:13:00,788 - DEBUG - [36m[📡 ZMQ_CLIENT][0m Received ZMQ response: {"status": "SUCCESS", "data": {"sent": true, "topic": "example_topic", "message": "[ZMQ] Hello from internal ZMQ client #1"}}
2025-12-08 09:13:00,791 - DEBUG - [35m[📦 KAFKA][0m [36m[example_topic][0m [92m, message is: [ZMQ] Hello from internal ZMQ client #1[0m
2025-12-08 09:13:00,828 - DEBUG - [35m[📦 KAFKA][0m [36m[example_topic][0m [92m, message is: example_message[0m
2025-12-08 09:13:00,830 - DEBUG - [35m[📦 KAFKA][0m [35m[another_topic][0m [92m, message is: another_message[0m
2025-12-08 09:13:04,825 - DEBUG - [35m[📦 KAFKA][0m [36m[example_topic][0m [92m, message is: example_message[0m
2025-12-08 09:13:04,828 - DEBUG - [35m[📦 KAFKA][0m [35m[another_topic][0m [92m, message is: another_message[0m
2025-12-08 09:13:08,826 - DEBUG - [35m[📦 KAFKA][0m [36m[example_topic][0m [92m, message is: example_message[0m
2025-12-08 09:13:08,830 - DEBUG - [35m[📦 KAFKA][0m [35m[another_topic][0m [92m, message is: another_message[0m
2025-12-08 09:13:10,788 - DEBUG - [36m[📡 ZMQ_CLIENT][0m Generated ZMQ test message: Hello from internal ZMQ client #2
2025-12-08 09:13:10,788 - DEBUG - [36m[📡 ZMQ_CLIENT][0m Sending ZMQ request: {'resource': 'example_resource', 'operation': 'example_operation', 'data': {'topic': 'example_topic', 'message': 'Hello from internal ZMQ client #2'}}
2025-12-08 09:13:10,789 - DEBUG - [33m[🛰️ ZMQ_SERVER][0m ZMQ server: received raw request: {'resource': 'example_resource', 'operation': 'example_operation', 'data': {'topic': 'example_topic', 'message': 'Hello from internal ZMQ client #2'}}
2025-12-08 09:13:10,789 - DEBUG - [33m[🛰️ ZMQ_SERVER][0m ZMQ server: handling resource='example_resource', operation='example_operation', data={'topic': 'example_topic', 'message': 'Hello from internal ZMQ client #2'}
2025-12-08 09:13:10,791 - DEBUG - [31m[🧠 ZMQ_CONTROLLER][0m Forwarded ZMQ message to Kafka: topic=example_topic, message=[ZMQ] Hello from internal ZMQ client #2
2025-12-08 09:13:10,791 - DEBUG - [33m[🛰️ ZMQ_SERVER][0m ZMQ server: sent response: {"status": "SUCCESS", "data": {"sent": true, "topic": "example_topic", "message": "[ZMQ] Hello from internal ZMQ client #2"}}
2025-12-08 09:13:10,791 - DEBUG - [36m[📡 ZMQ_CLIENT][0m Received ZMQ response: {"status": "SUCCESS", "data": {"sent": true, "topic": "example_topic", "message": "[ZMQ] Hello from internal ZMQ client #2"}}
2025-12-08 09:13:10,793 - DEBUG - [35m[📦 KAFKA][0m [36m[example_topic][0m [92m, message is: [ZMQ] Hello from internal ZMQ client #2[0m
2025-12-08 09:13:12,828 - DEBUG - [35m[📦 KAFKA][0m [36m[example_topic][0m [92m, message is: example_message[0m
2025-12-08 09:13:12,831 - DEBUG - [35m[📦 KAFKA][0m [35m[another_topic][0m [92m, message is: another_message[0m
