2025-12-08 09:13:52,562 - DEBUG - [33m[🛰️ ZMQ_SERVER][0m ZMQ REP server bound to tcp://0.0.0.0:5555
2025-12-08 09:14:02,561 - DEBUG - [36m[📡 ZMQ_CLIENT][0m Generated ZMQ test message: Hello from internal ZMQ client #0
2025-12-08 09:14:02,561 - DEBUG - [36m[📡 ZMQ_CLIENT][0m Sending ZMQ request: {'resource': 'example_resource', 'operation': 'example_operation', 'data': {'topic': 'example_topic', 'message': 'Hello from internal ZMQ client #0'}}
2025-12-08 09:14:02,562 - DEBUG - [33m[🛰️ ZMQ_SERVER][0m ZMQ server: received raw request: {'resource': 'example_resource', 'operation': 'example_operation', 'data': {'topic': 'example_topic', 'message': 'Hello from internal ZMQ client #0'}}
2025-12-08 09:14:02,562 - DEBUG - [33m[🛰️ ZMQ_SERVER][0m ZMQ server: handling resource='example_resource', operation='example_operation', data={'topic': 'example_topic', 'message': 'Hello from internal ZMQ client #0'}
2025-12-08 09:14:02,564 - DEBUG - [31m[🧠 ZMQ_CONTROLLER][0m Forwarded ZMQ message to Kafka: topic=example_topic, message=[ZMQ] Hello from internal ZMQ client #0
2025-12-08 09:14:02,565 - DEBUG - [33m[🛰️ ZMQ_SERVER][0m ZMQ server: sent response: {"status": "SUCCESS", "data": {"sent": true, "topic": "example_topic", "message": "[ZMQ] Hello from internal ZMQ client #0"}}
2025-12-08 09:14:02,565 - DEBUG - [36m[📡 ZMQ_CLIENT][0m Received ZMQ response: {"status": "SUCCESS", "data": {"sent": true, "topic": "example_topic", "message": "[ZMQ] Hello from internal ZMQ client #0"}}
2025-12-08 09:14:05,365 - DEBUG - [35m[📦 KAFKA][0m [35m[another_topic][0m [92m, message is: another_message[0m
2025-12-08 09:14:05,365 - DEBUG - [35m[📦 KAFKA][0m [36m[example_topic][0m [92m, message is: example_message[0m
2025-12-08 09:14:05,368 - DEBUG - [35m[📦 KAFKA][0m [35m[another_topic][0m [92m, message is: another_message[0m
2025-12-08 09:14:05,369 - DEBUG - [35m[📦 KAFKA][0m [36m[example_topic][0m [92m, message is: example_message[0m
2025-12-08 09:14:05,370 - DEBUG - [35m[📦 KAFKA][0m [35m[another_topic][0m [92m, message is: another_message[0m
2025-12-08 09:14:05,371 - DEBUG - [35m[📦 KAFKA][0m [36m[example_topic][0m [92m, message is: [ZMQ] Hello from internal ZMQ client #0[0m
2025-12-08 09:14:05,374 - DEBUG - [35m[📦 KAFKA][0m [36m[example_topic][0m [92m, message is: example_message[0m
2025-12-08 09:14:08,606 - DEBUG - [35m[📦 KAFKA][0m [36m[example_topic][0m [92m, message is: example_message[0m
2025-12-08 09:14:08,609 - DEBUG - [35m[📦 KAFKA][0m [35m[another_topic][0m [92m, message is: another_message[0m
2025-12-08 09:14:12,565 - DEBUG - [36m[📡 ZMQ_CLIENT][0m Generated ZMQ test message: Hello from internal ZMQ client #1
2025-12-08 09:14:12,565 - DEBUG - [36m[📡 ZMQ_CLIENT][0m Sending ZMQ request: {'resource': 'example_resource', 'operation': 'example_operation', 'data': {'topic': 'example_topic', 'message': 'Hello from internal ZMQ client #1'}}
2025-12-08 09:14:12,566 - DEBUG - [33m[🛰️ ZMQ_SERVER][0m ZMQ server: received raw request: {'resource': 'example_resource', 'operation': 'example_operation', 'data': {'topic': 'example_topic', 'message': 'Hello from internal ZMQ client #1'}}
2025-12-08 09:14:12,566 - DEBUG - [33m[🛰️ ZMQ_SERVER][0m ZMQ server: handling resource='example_resource', operation='example_operation', data={'topic': 'example_topic', 'message': 'Hello from internal ZMQ client #1'}
2025-12-08 09:14:12,567 - DEBUG - [31m[🧠 ZMQ_CONTROLLER][0m Forwarded ZMQ message to Kafka: topic=example_topic, message=[ZMQ] Hello from internal ZMQ client #1
2025-12-08 09:14:12,568 - DEBUG - [33m[🛰️ ZMQ_SERVER][0m ZMQ server: sent response: {"status": "SUCCESS", "data": {"sent": true, "topic": "example_topic", "message": "[ZMQ] Hello from internal ZMQ client #1"}}
2025-12-08 09:14:12,568 - DEBUG - [36m[📡 ZMQ_CLIENT][0m Received ZMQ response: {"status": "SUCCESS", "data": {"sent": true, "topic": "example_topic", "message": "[ZMQ] Hello from internal ZMQ client #1"}}
2025-12-08 09:14:12,570 - DEBUG - [35m[📦 KAFKA][0m [36m[example_topic][0m [92m, message is: [ZMQ] Hello from internal ZMQ client #1[0m
2025-12-08 09:14:12,607 - DEBUG - [35m[📦 KAFKA][0m [36m[example_topic][0m [92m, message is: example_message[0m
2025-12-08 09:14:12,611 - DEBUG - [35m[📦 KAFKA][0m [35m[another_topic][0m [92m, message is: another_message[0m
