2025-12-07 08:37:35,698 - DEBUG - [33m[🛰️ ZMQ_SERVER][0m ZMQ REP server bound to tcp://127.0.0.1:5555
2025-12-07 08:37:45,698 - DEBUG - [36m[📡 ZMQ_CLIENT][0m Generated ZMQ test message: Hello from internal ZMQ client #0
2025-12-07 08:37:45,698 - DEBUG - [36m[📡 ZMQ_CLIENT][0m Sending ZMQ request: {'resource': 'example_resource', 'operation': 'example_operation', 'data': {'topic': 'example_topic', 'message': 'Hello from internal ZMQ client #0'}}
2025-12-07 08:37:45,699 - DEBUG - [33m[🛰️ ZMQ_SERVER][0m ZMQ server: received raw request: {'resource': 'example_resource', 'operation': 'example_operation', 'data': {'topic': 'example_topic', 'message': 'Hello from internal ZMQ client #0'}}
2025-12-07 08:37:45,700 - DEBUG - [33m[🛰️ ZMQ_SERVER][0m ZMQ server: handling resource='example_resource', operation='example_operation', data={'topic': 'example_topic', 'message': 'Hello from internal ZMQ client #0'}
2025-12-07 08:37:45,703 - DEBUG - [31m[🧠 ZMQ_CONTROLLER][0m Forwarded ZMQ message to Kafka: topic=example_topic, message=[ZMQ] Hello from internal ZMQ client #0
2025-12-07 08:37:45,703 - DEBUG - [33m[🛰️ ZMQ_SERVER][0m ZMQ server: sent response: {"status": "SUCCESS", "data": {"sent": true, "topic": "example_topic", "message": "[ZMQ] Hello from internal ZMQ client #0"}}
2025-12-07 08:37:45,703 - DEBUG - [36m[📡 ZMQ_CLIENT][0m Received ZMQ response: {"status": "SUCCESS", "data": {"sent": true, "topic": "example_topic", "message": "[ZMQ] Hello from internal ZMQ client #0"}}
2025-12-07 08:37:48,483 - DEBUG - [35m[📦 KAFKA][0m [35m[another_topic][0m [32m, message is: another_message[0m
2025-12-07 08:37:48,484 - DEBUG - [35m[📦 KAFKA][0m [36m[example_topic][0m [32m, message is: example_message[0m
2025-12-07 08:37:48,486 - DEBUG - [35m[📦 KAFKA][0m [36m[example_topic][0m [32m, message is: example_message[0m
2025-12-07 08:37:48,487 - DEBUG - [35m[📦 KAFKA][0m [35m[another_topic][0m [32m, message is: another_message[0m
2025-12-07 08:37:48,488 - DEBUG - [35m[📦 KAFKA][0m [36m[example_topic][0m [32m, message is: [ZMQ] Hello from internal ZMQ client #0[0m
2025-12-07 08:37:48,489 - DEBUG - [35m[📦 KAFKA][0m [35m[another_topic][0m [32m, message is: another_message[0m
2025-12-07 08:37:48,490 - DEBUG - [35m[📦 KAFKA][0m [36m[example_topic][0m [32m, message is: example_message[0m
2025-12-07 08:37:51,787 - DEBUG - [35m[📦 KAFKA][0m [35m[another_topic][0m [32m, message is: another_message[0m
2025-12-07 08:37:51,788 - DEBUG - [35m[📦 KAFKA][0m [36m[example_topic][0m [32m, message is: example_message[0m
2025-12-07 08:37:55,703 - DEBUG - [36m[📡 ZMQ_CLIENT][0m Generated ZMQ test message: Hello from internal ZMQ client #1
2025-12-07 08:37:55,704 - DEBUG - [36m[📡 ZMQ_CLIENT][0m Sending ZMQ request: {'resource': 'example_resource', 'operation': 'example_operation', 'data': {'topic': 'example_topic', 'message': 'Hello from internal ZMQ client #1'}}
2025-12-07 08:37:55,705 - DEBUG - [33m[🛰️ ZMQ_SERVER][0m ZMQ server: received raw request: {'resource': 'example_resource', 'operation': 'example_operation', 'data': {'topic': 'example_topic', 'message': 'Hello from internal ZMQ client #1'}}
2025-12-07 08:37:55,705 - DEBUG - [33m[🛰️ ZMQ_SERVER][0m ZMQ server: handling resource='example_resource', operation='example_operation', data={'topic': 'example_topic', 'message': 'Hello from internal ZMQ client #1'}
2025-12-07 08:37:55,709 - DEBUG - [31m[🧠 ZMQ_CONTROLLER][0m Forwarded ZMQ message to Kafka: topic=example_topic, message=[ZMQ] Hello from internal ZMQ client #1
2025-12-07 08:37:55,709 - DEBUG - [33m[🛰️ ZMQ_SERVER][0m ZMQ server: sent response: {"status": "SUCCESS", "data": {"sent": true, "topic": "example_topic", "message": "[ZMQ] Hello from internal ZMQ client #1"}}
2025-12-07 08:37:55,709 - DEBUG - [36m[📡 ZMQ_CLIENT][0m Received ZMQ response: {"status": "SUCCESS", "data": {"sent": true, "topic": "example_topic", "message": "[ZMQ] Hello from internal ZMQ client #1"}}
2025-12-07 08:37:55,711 - DEBUG - [35m[📦 KAFKA][0m [36m[example_topic][0m [32m, message is: [ZMQ] Hello from internal ZMQ client #1[0m
2025-12-07 08:37:55,785 - DEBUG - [35m[📦 KAFKA][0m [35m[another_topic][0m [32m, message is: another_message[0m
2025-12-07 08:37:55,789 - DEBUG - [35m[📦 KAFKA][0m [36m[example_topic][0m [32m, message is: example_message[0m
2025-12-07 08:37:59,795 - DEBUG - [35m[📦 KAFKA][0m [35m[another_topic][0m [32m, message is: another_message[0m
2025-12-07 08:37:59,797 - DEBUG - [35m[📦 KAFKA][0m [36m[example_topic][0m [32m, message is: example_message[0m
2025-12-07 08:38:03,793 - DEBUG - [35m[📦 KAFKA][0m [35m[another_topic][0m [32m, message is: another_message[0m
2025-12-07 08:38:03,796 - DEBUG - [35m[📦 KAFKA][0m [36m[example_topic][0m [32m, message is: example_message[0m
2025-12-07 08:38:05,709 - DEBUG - [36m[📡 ZMQ_CLIENT][0m Generated ZMQ test message: Hello from internal ZMQ client #2
2025-12-07 08:38:05,709 - DEBUG - [36m[📡 ZMQ_CLIENT][0m Sending ZMQ request: {'resource': 'example_resource', 'operation': 'example_operation', 'data': {'topic': 'example_topic', 'message': 'Hello from internal ZMQ client #2'}}
2025-12-07 08:38:05,710 - DEBUG - [33m[🛰️ ZMQ_SERVER][0m ZMQ server: received raw request: {'resource': 'example_resource', 'operation': 'example_operation', 'data': {'topic': 'example_topic', 'message': 'Hello from internal ZMQ client #2'}}
2025-12-07 08:38:05,710 - DEBUG - [33m[🛰️ ZMQ_SERVER][0m ZMQ server: handling resource='example_resource', operation='example_operation', data={'topic': 'example_topic', 'message': 'Hello from internal ZMQ client #2'}
2025-12-07 08:38:05,712 - DEBUG - [31m[🧠 ZMQ_CONTROLLER][0m Forwarded ZMQ message to Kafka: topic=example_topic, message=[ZMQ] Hello from internal ZMQ client #2
2025-12-07 08:38:05,713 - DEBUG - [33m[🛰️ ZMQ_SERVER][0m ZMQ server: sent response: {"status": "SUCCESS", "data": {"sent": true, "topic": "example_topic", "message": "[ZMQ] Hello from internal ZMQ client #2"}}
2025-12-07 08:38:05,713 - DEBUG - [36m[📡 ZMQ_CLIENT][0m Received ZMQ response: {"status": "SUCCESS", "data": {"sent": true, "topic": "example_topic", "message": "[ZMQ] Hello from internal ZMQ client #2"}}
2025-12-07 08:38:05,715 - DEBUG - [35m[📦 KAFKA][0m [36m[example_topic][0m [32m, message is: [ZMQ] Hello from internal ZMQ client #2[0m
2025-12-07 08:38:07,795 - DEBUG - [35m[📦 KAFKA][0m [35m[another_topic][0m [32m, message is: another_message[0m
2025-12-07 08:38:07,798 - DEBUG - [35m[📦 KAFKA][0m [36m[example_topic][0m [32m, message is: example_message[0m
